# JRE version: OpenJDK Runtime Environment (8.0_392-b08) (build 1.8.0_392-b08)
# Java VM: OpenJDK 64-Bit Server VM (25.392-b08 mixed mode windows-amd64 compressed oops)
Heap:
 def new generation   total 77440K, used 19346K [0x00000000a2400000, 0x00000000a7800000, 0x00000000c1800000)
  eden space 68864K,  20% used [0x00000000a2400000, 0x00000000a31b8000, 0x00000000a6740000)
  from space 8576K,  61% used [0x00000000a6740000, 0x00000000a6c6c910, 0x00000000a6fa0000)
  to   space 8576K,   0% used [0x00000000a6fa0000, 0x00000000a6fa0000, 0x00000000a7800000)
 tenured generation   total 172032K, used 4603K [0x00000000c1800000, 0x00000000cc000000, 0x0000000100000000)
   the space 172032K,   2% used [0x00000000c1800000, 0x00000000c1c7ed78, 0x00000000c1c7ee00, 0x00000000cc000000)
 Metaspace       used 13076K, capacity 13294K, committed 13568K, reserved 1060864K
  class space    used 1413K, capacity 1467K, committed 1536K, reserved 1048576K
GC Heap History (4 events):
Event: 0.630 GC heap before
{Heap before GC invocations=0 (full 0):
 def new generation   total 77440K, used 68864K [0x00000000a2400000, 0x00000000a7800000, 0x00000000c1800000)
  eden space 68864K, 100% used [0x00000000a2400000, 0x00000000a6740000, 0x00000000a6740000)
  from space 8576K,   0% used [0x00000000a6740000, 0x00000000a6740000, 0x00000000a6fa0000)
  to   space 8576K,   0% used [0x00000000a6fa0000, 0x00000000a6fa0000, 0x00000000a7800000)
 tenured generation   total 172032K, used 0K [0x00000000c1800000, 0x00000000cc000000, 0x0000000100000000)
   the space 172032K,   0% used [0x00000000c1800000, 0x00000000c1800000, 0x00000000c1800200, 0x00000000cc000000)
 Metaspace       used 11574K, capacity 11752K, committed 11904K, reserved 1060864K
  class space    used 1286K, capacity 1338K, committed 1408K, reserved 1048576K
Event: 0.646 GC heap after
Heap after GC invocations=1 (full 0):
 def new generation   total 77440K, used 8575K [0x00000000a2400000, 0x00000000a7800000, 0x00000000c1800000)
  eden space 68864K,   0% used [0x00000000a2400000, 0x00000000a2400000, 0x00000000a6740000)
  from space 8576K,  99% used [0x00000000a6fa0000, 0x00000000a77ffff8, 0x00000000a7800000)
  to   space 8576K,   0% used [0x00000000a6740000, 0x00000000a6740000, 0x00000000a6fa0000)
 tenured generation   total 172032K, used 773K [0x00000000c1800000, 0x00000000cc000000, 0x0000000100000000)
   the space 172032K,   0% used [0x00000000c1800000, 0x00000000c18c1610, 0x00000000c18c1800, 0x00000000cc000000)
 Metaspace       used 11574K, capacity 11752K, committed 11904K, reserved 1060864K
  class space    used 1286K, capacity 1338K, committed 1408K, reserved 1048576K
}
Event: 1.127 GC heap before
{Heap before GC invocations=1 (full 0):
 def new generation   total 77440K, used 77439K [0x00000000a2400000, 0x00000000a7800000, 0x00000000c1800000)
  eden space 68864K, 100% used [0x00000000a2400000, 0x00000000a6740000, 0x00000000a6740000)
  from space 8576K,  99% used [0x00000000a6fa0000, 0x00000000a77ffff8, 0x00000000a7800000)
  to   space 8576K,   0% used [0x00000000a6740000, 0x00000000a6740000, 0x00000000a6fa0000)
 tenured generation   total 172032K, used 773K [0x00000000c1800000, 0x00000000cc000000, 0x0000000100000000)
   the space 172032K,   0% used [0x00000000c1800000, 0x00000000c18c1610, 0x00000000c18c1800, 0x00000000cc000000)
 Metaspace       used 13051K, capacity 13294K, committed 13568K, reserved 1060864K
  class space    used 1413K, capacity 1467K, committed 1536K, reserved 1048576K
Event: 1.142 GC heap after
Heap after GC invocations=2 (full 0):
 def new generation   total 77440K, used 5298K [0x00000000a2400000, 0x00000000a7800000, 0x00000000c1800000)
  eden space 68864K,   0% used [0x00000000a2400000, 0x00000000a2400000, 0x00000000a6740000)
  from space 8576K,  61% used [0x00000000a6740000, 0x00000000a6c6c910, 0x00000000a6fa0000)
  to   space 8576K,   0% used [0x00000000a6fa0000, 0x00000000a6fa0000, 0x00000000a7800000)
 tenured generation   total 172032K, used 4603K [0x00000000c1800000, 0x00000000cc000000, 0x0000000100000000)
   the space 172032K,   2% used [0x00000000c1800000, 0x00000000c1c7ed78, 0x00000000c1c7ee00, 0x00000000cc000000)
 Metaspace       used 13051K, capacity 13294K, committed 13568K, reserved 1060864K
  class space    used 1413K, capacity 1467K, committed 1536K, reserved 1048576K
}

